2019-07-08 13:51:53 [scrapy.utils.log] INFO: Scrapy 1.6.0 started (bot: mytest)
2019-07-08 13:51:53 [scrapy.utils.log] INFO: Versions: lxml 4.3.3.0, libxml2 2.9.7, cssselect 1.0.3, parsel 1.5.1, w3lib 1.20.0, Twisted 19.2.0, Python 3.6.0 (v3.6.0:41df79263a11, Dec 23 2016, 07:18:10) [MSC v.1900 32 bit (Intel)], pyOpenSSL 19.0.0 (OpenSSL 1.1.1b  26 Feb 2019), cryptography 2.6.1, Platform Windows-10-10.0.17763-SP0
2019-07-08 13:51:53 [scrapy.crawler] INFO: Overridden settings: {'BOT_NAME': 'mytest', 'DOWNLOAD_DELAY': 1.3, 'LOG_FILE': 'JiLinOtherProvince.log', 'LOG_LEVEL': 'INFO', 'LOG_STDOUT': True, 'NEWSPIDER_MODULE': 'mytest.spiders', 'SPIDER_MODULES': ['mytest.spiders']}
2019-07-08 13:51:53 [scrapy.extensions.telnet] INFO: Telnet Password: 0a2430a6597c59d7
2019-07-08 13:51:53 [scrapy.middleware] INFO: Enabled extensions:
['scrapy.extensions.corestats.CoreStats',
 'scrapy.extensions.telnet.TelnetConsole',
 'scrapy.extensions.logstats.LogStats']
2019-07-08 13:51:53 [scrapy.middleware] INFO: Enabled downloader middlewares:
['scrapy.downloadermiddlewares.httpauth.HttpAuthMiddleware',
 'scrapy.downloadermiddlewares.downloadtimeout.DownloadTimeoutMiddleware',
 'scrapy.downloadermiddlewares.defaultheaders.DefaultHeadersMiddleware',
 'mytest.middlewares.MyUserAgentMiddleware',
 'scrapy.downloadermiddlewares.useragent.UserAgentMiddleware',
 'scrapy.downloadermiddlewares.retry.RetryMiddleware',
 'scrapy.downloadermiddlewares.redirect.MetaRefreshMiddleware',
 'scrapy.downloadermiddlewares.httpcompression.HttpCompressionMiddleware',
 'scrapy.downloadermiddlewares.redirect.RedirectMiddleware',
 'scrapy.downloadermiddlewares.cookies.CookiesMiddleware',
 'scrapy.downloadermiddlewares.httpproxy.HttpProxyMiddleware',
 'scrapy.downloadermiddlewares.stats.DownloaderStats']
2019-07-08 13:51:53 [scrapy.middleware] INFO: Enabled spider middlewares:
['scrapy.spidermiddlewares.httperror.HttpErrorMiddleware',
 'scrapy.spidermiddlewares.offsite.OffsiteMiddleware',
 'scrapy.spidermiddlewares.referer.RefererMiddleware',
 'scrapy.spidermiddlewares.urllength.UrlLengthMiddleware',
 'scrapy.spidermiddlewares.depth.DepthMiddleware']
2019-07-08 13:51:53 [scrapy.middleware] INFO: Enabled item pipelines:
[]
2019-07-08 13:51:53 [scrapy.core.engine] INFO: Spider opened
2019-07-08 13:51:53 [scrapy.extensions.logstats] INFO: Crawled 0 pages (at 0 pages/min), scraped 0 items (at 0 items/min)
2019-07-08 13:51:53 [scrapy.extensions.telnet] INFO: Telnet console listening on 127.0.0.1:6024
2019-07-08 13:51:54 [scrapy.core.engine] INFO: Closing spider (finished)
2019-07-08 13:51:54 [scrapy.statscollectors] INFO: Dumping Scrapy stats:
{'downloader/request_bytes': 846,
 'downloader/request_count': 2,
 'downloader/request_method_count/GET': 2,
 'downloader/response_bytes': 446,
 'downloader/response_count': 2,
 'downloader/response_status_count/302': 2,
 'dupefilter/filtered': 1,
 'finish_reason': 'finished',
 'finish_time': datetime.datetime(2019, 7, 8, 5, 51, 54, 802757),
 'log_count/INFO': 9,
 'scheduler/dequeued': 2,
 'scheduler/dequeued/memory': 2,
 'scheduler/enqueued': 2,
 'scheduler/enqueued/memory': 2,
 'start_time': datetime.datetime(2019, 7, 8, 5, 51, 53, 747603)}
2019-07-08 13:51:54 [scrapy.core.engine] INFO: Spider closed (finished)
2019-07-08 13:52:18 [scrapy.utils.log] INFO: Scrapy 1.6.0 started (bot: mytest)
2019-07-08 13:52:18 [scrapy.utils.log] INFO: Versions: lxml 4.3.3.0, libxml2 2.9.7, cssselect 1.0.3, parsel 1.5.1, w3lib 1.20.0, Twisted 19.2.0, Python 3.6.0 (v3.6.0:41df79263a11, Dec 23 2016, 07:18:10) [MSC v.1900 32 bit (Intel)], pyOpenSSL 19.0.0 (OpenSSL 1.1.1b  26 Feb 2019), cryptography 2.6.1, Platform Windows-10-10.0.17763-SP0
2019-07-08 13:52:18 [scrapy.crawler] INFO: Overridden settings: {'BOT_NAME': 'mytest', 'DOWNLOAD_DELAY': 3.2, 'LOG_FILE': 'JiLinOtherProvince.log', 'LOG_LEVEL': 'INFO', 'LOG_STDOUT': True, 'NEWSPIDER_MODULE': 'mytest.spiders', 'SPIDER_MODULES': ['mytest.spiders']}
2019-07-08 13:52:18 [scrapy.extensions.telnet] INFO: Telnet Password: 8be387e70c70fe6f
2019-07-08 13:52:18 [scrapy.middleware] INFO: Enabled extensions:
['scrapy.extensions.corestats.CoreStats',
 'scrapy.extensions.telnet.TelnetConsole',
 'scrapy.extensions.logstats.LogStats']
2019-07-08 13:52:19 [scrapy.middleware] INFO: Enabled downloader middlewares:
['scrapy.downloadermiddlewares.httpauth.HttpAuthMiddleware',
 'scrapy.downloadermiddlewares.downloadtimeout.DownloadTimeoutMiddleware',
 'scrapy.downloadermiddlewares.defaultheaders.DefaultHeadersMiddleware',
 'mytest.middlewares.MyUserAgentMiddleware',
 'scrapy.downloadermiddlewares.useragent.UserAgentMiddleware',
 'scrapy.downloadermiddlewares.retry.RetryMiddleware',
 'scrapy.downloadermiddlewares.redirect.MetaRefreshMiddleware',
 'scrapy.downloadermiddlewares.httpcompression.HttpCompressionMiddleware',
 'scrapy.downloadermiddlewares.redirect.RedirectMiddleware',
 'scrapy.downloadermiddlewares.cookies.CookiesMiddleware',
 'scrapy.downloadermiddlewares.httpproxy.HttpProxyMiddleware',
 'scrapy.downloadermiddlewares.stats.DownloaderStats']
2019-07-08 13:52:19 [scrapy.middleware] INFO: Enabled spider middlewares:
['scrapy.spidermiddlewares.httperror.HttpErrorMiddleware',
 'scrapy.spidermiddlewares.offsite.OffsiteMiddleware',
 'scrapy.spidermiddlewares.referer.RefererMiddleware',
 'scrapy.spidermiddlewares.urllength.UrlLengthMiddleware',
 'scrapy.spidermiddlewares.depth.DepthMiddleware']
2019-07-08 13:52:19 [scrapy.middleware] INFO: Enabled item pipelines:
[]
2019-07-08 13:52:19 [scrapy.core.engine] INFO: Spider opened
2019-07-08 13:52:19 [scrapy.extensions.logstats] INFO: Crawled 0 pages (at 0 pages/min), scraped 0 items (at 0 items/min)
2019-07-08 13:52:19 [scrapy.extensions.telnet] INFO: Telnet console listening on 127.0.0.1:6024
2019-07-08 13:52:47 [scrapy.core.scraper] ERROR: Spider error processing <GET http://cx.jlsjsxxw.com/handle/NewHandler.ashx?method=SnCorpData&CorpName=&QualiType=&TradeID=&BoundID=&LevelID=&CityNum=&nPageIndex=132&nPageCount=0&nPageRowsCount=0&nPageSize=20&> (referer: http://cx.jlsjsxxw.com/handle/NewHandler.ashx?method=SwCorpData&nPageIndex=1&nPageCount=0&nPageRowsCount=0&nPageSize=20&_=1562564138879.3774)
Traceback (most recent call last):
  File "c:\users\administrator\appdata\local\programs\python\python36-32\lib\site-packages\redis\connection.py", line 492, in connect
    sock = self._connect()
  File "c:\users\administrator\appdata\local\programs\python\python36-32\lib\site-packages\redis\connection.py", line 550, in _connect
    raise err
  File "c:\users\administrator\appdata\local\programs\python\python36-32\lib\site-packages\redis\connection.py", line 538, in _connect
    sock.connect(socket_address)
TimeoutError: [WinError 10060] 由于连接方在一段时间后没有正确答复或连接的主机没有反应，连接尝试失败。

During handling of the above exception, another exception occurred:

Traceback (most recent call last):
  File "c:\users\administrator\appdata\local\programs\python\python36-32\lib\site-packages\scrapy\utils\defer.py", line 102, in iter_errback
    yield next(it)
  File "c:\users\administrator\appdata\local\programs\python\python36-32\lib\site-packages\scrapy\spidermiddlewares\offsite.py", line 29, in process_spider_output
    for x in result:
  File "c:\users\administrator\appdata\local\programs\python\python36-32\lib\site-packages\scrapy\spidermiddlewares\referer.py", line 339, in <genexpr>
    return (_set_referer(r) for r in result or ())
  File "c:\users\administrator\appdata\local\programs\python\python36-32\lib\site-packages\scrapy\spidermiddlewares\urllength.py", line 37, in <genexpr>
    return (r for r in result or () if _filter(r))
  File "c:\users\administrator\appdata\local\programs\python\python36-32\lib\site-packages\scrapy\spidermiddlewares\depth.py", line 58, in <genexpr>
    return (r for r in result or () if _filter(r))
  File "E:\python _scrapy_code\xiangbei\mytest\mytest\spiders\JiLinOtherProvince.py", line 57, in parse
    repeat = self.r.sadd('Company_name', company_name + '吉林省')
  File "c:\users\administrator\appdata\local\programs\python\python36-32\lib\site-packages\redis\client.py", line 1878, in sadd
    return self.execute_command('SADD', name, *values)
  File "c:\users\administrator\appdata\local\programs\python\python36-32\lib\site-packages\redis\client.py", line 772, in execute_command
    connection = pool.get_connection(command_name, **options)
  File "c:\users\administrator\appdata\local\programs\python\python36-32\lib\site-packages\redis\connection.py", line 994, in get_connection
    connection.connect()
  File "c:\users\administrator\appdata\local\programs\python\python36-32\lib\site-packages\redis\connection.py", line 497, in connect
    raise ConnectionError(self._error_message(e))
redis.exceptions.ConnectionError: Error 10060 connecting to 106.12.112.207:6379. 由于连接方在一段时间后没有正确答复或连接的主机没有反应，连接尝试失败。.
2019-07-08 13:52:47 [scrapy.core.engine] INFO: Closing spider (finished)
2019-07-08 13:52:47 [scrapy.statscollectors] INFO: Dumping Scrapy stats:
{'downloader/request_bytes': 1087,
 'downloader/request_count': 2,
 'downloader/request_method_count/GET': 2,
 'downloader/response_bytes': 25280,
 'downloader/response_count': 2,
 'downloader/response_status_count/200': 2,
 'finish_reason': 'finished',
 'finish_time': datetime.datetime(2019, 7, 8, 5, 52, 47, 803036),
 'log_count/ERROR': 1,
 'log_count/INFO': 9,
 'request_depth_max': 1,
 'response_received_count': 2,
 'scheduler/dequeued': 2,
 'scheduler/dequeued/memory': 2,
 'scheduler/enqueued': 2,
 'scheduler/enqueued/memory': 2,
 'spider_exceptions/ConnectionError': 1,
 'start_time': datetime.datetime(2019, 7, 8, 5, 52, 19, 83829)}
2019-07-08 13:52:47 [scrapy.core.engine] INFO: Spider closed (finished)
2019-07-08 13:53:11 [scrapy.utils.log] INFO: Scrapy 1.6.0 started (bot: mytest)
2019-07-08 13:53:11 [scrapy.utils.log] INFO: Versions: lxml 4.3.3.0, libxml2 2.9.7, cssselect 1.0.3, parsel 1.5.1, w3lib 1.20.0, Twisted 19.2.0, Python 3.6.0 (v3.6.0:41df79263a11, Dec 23 2016, 07:18:10) [MSC v.1900 32 bit (Intel)], pyOpenSSL 19.0.0 (OpenSSL 1.1.1b  26 Feb 2019), cryptography 2.6.1, Platform Windows-10-10.0.17763-SP0
2019-07-08 13:53:11 [scrapy.crawler] INFO: Overridden settings: {'BOT_NAME': 'mytest', 'DOWNLOAD_DELAY': 3.2, 'LOG_FILE': 'JiLinOtherProvince.log', 'LOG_LEVEL': 'INFO', 'LOG_STDOUT': True, 'NEWSPIDER_MODULE': 'mytest.spiders', 'SPIDER_MODULES': ['mytest.spiders']}
2019-07-08 13:53:11 [scrapy.extensions.telnet] INFO: Telnet Password: a95d1721ac8a1bd0
2019-07-08 13:53:11 [scrapy.middleware] INFO: Enabled extensions:
['scrapy.extensions.corestats.CoreStats',
 'scrapy.extensions.telnet.TelnetConsole',
 'scrapy.extensions.logstats.LogStats']
2019-07-08 13:53:11 [scrapy.middleware] INFO: Enabled downloader middlewares:
['scrapy.downloadermiddlewares.httpauth.HttpAuthMiddleware',
 'scrapy.downloadermiddlewares.downloadtimeout.DownloadTimeoutMiddleware',
 'scrapy.downloadermiddlewares.defaultheaders.DefaultHeadersMiddleware',
 'mytest.middlewares.MyUserAgentMiddleware',
 'scrapy.downloadermiddlewares.useragent.UserAgentMiddleware',
 'scrapy.downloadermiddlewares.retry.RetryMiddleware',
 'scrapy.downloadermiddlewares.redirect.MetaRefreshMiddleware',
 'scrapy.downloadermiddlewares.httpcompression.HttpCompressionMiddleware',
 'scrapy.downloadermiddlewares.redirect.RedirectMiddleware',
 'scrapy.downloadermiddlewares.cookies.CookiesMiddleware',
 'scrapy.downloadermiddlewares.httpproxy.HttpProxyMiddleware',
 'scrapy.downloadermiddlewares.stats.DownloaderStats']
2019-07-08 13:53:11 [scrapy.middleware] INFO: Enabled spider middlewares:
['scrapy.spidermiddlewares.httperror.HttpErrorMiddleware',
 'scrapy.spidermiddlewares.offsite.OffsiteMiddleware',
 'scrapy.spidermiddlewares.referer.RefererMiddleware',
 'scrapy.spidermiddlewares.urllength.UrlLengthMiddleware',
 'scrapy.spidermiddlewares.depth.DepthMiddleware']
2019-07-08 13:53:11 [scrapy.middleware] INFO: Enabled item pipelines:
[]
2019-07-08 13:53:11 [scrapy.core.engine] INFO: Spider opened
2019-07-08 13:53:11 [scrapy.extensions.logstats] INFO: Crawled 0 pages (at 0 pages/min), scraped 0 items (at 0 items/min)
2019-07-08 13:53:11 [scrapy.extensions.telnet] INFO: Telnet console listening on 127.0.0.1:6025
2019-07-08 13:53:39 [scrapy.core.scraper] ERROR: Spider error processing <GET http://cx.jlsjsxxw.com/handle/NewHandler.ashx?method=SnCorpData&CorpName=&QualiType=&TradeID=&BoundID=&LevelID=&CityNum=&nPageIndex=132&nPageCount=0&nPageRowsCount=0&nPageSize=20&> (referer: http://cx.jlsjsxxw.com/handle/NewHandler.ashx?method=SwCorpData&nPageIndex=1&nPageCount=0&nPageRowsCount=0&nPageSize=20&_=1562564191240.364)
Traceback (most recent call last):
  File "c:\users\administrator\appdata\local\programs\python\python36-32\lib\site-packages\redis\connection.py", line 492, in connect
    sock = self._connect()
  File "c:\users\administrator\appdata\local\programs\python\python36-32\lib\site-packages\redis\connection.py", line 550, in _connect
    raise err
  File "c:\users\administrator\appdata\local\programs\python\python36-32\lib\site-packages\redis\connection.py", line 538, in _connect
    sock.connect(socket_address)
TimeoutError: [WinError 10060] 由于连接方在一段时间后没有正确答复或连接的主机没有反应，连接尝试失败。

During handling of the above exception, another exception occurred:

Traceback (most recent call last):
  File "c:\users\administrator\appdata\local\programs\python\python36-32\lib\site-packages\scrapy\utils\defer.py", line 102, in iter_errback
    yield next(it)
  File "c:\users\administrator\appdata\local\programs\python\python36-32\lib\site-packages\scrapy\spidermiddlewares\offsite.py", line 29, in process_spider_output
    for x in result:
  File "c:\users\administrator\appdata\local\programs\python\python36-32\lib\site-packages\scrapy\spidermiddlewares\referer.py", line 339, in <genexpr>
    return (_set_referer(r) for r in result or ())
  File "c:\users\administrator\appdata\local\programs\python\python36-32\lib\site-packages\scrapy\spidermiddlewares\urllength.py", line 37, in <genexpr>
    return (r for r in result or () if _filter(r))
  File "c:\users\administrator\appdata\local\programs\python\python36-32\lib\site-packages\scrapy\spidermiddlewares\depth.py", line 58, in <genexpr>
    return (r for r in result or () if _filter(r))
  File "E:\python _scrapy_code\xiangbei\mytest\mytest\spiders\JiLinOtherProvince.py", line 57, in parse
    repeat = self.r.sadd('Company_name', company_name + '吉林省')
  File "c:\users\administrator\appdata\local\programs\python\python36-32\lib\site-packages\redis\client.py", line 1878, in sadd
    return self.execute_command('SADD', name, *values)
  File "c:\users\administrator\appdata\local\programs\python\python36-32\lib\site-packages\redis\client.py", line 772, in execute_command
    connection = pool.get_connection(command_name, **options)
  File "c:\users\administrator\appdata\local\programs\python\python36-32\lib\site-packages\redis\connection.py", line 994, in get_connection
    connection.connect()
  File "c:\users\administrator\appdata\local\programs\python\python36-32\lib\site-packages\redis\connection.py", line 497, in connect
    raise ConnectionError(self._error_message(e))
redis.exceptions.ConnectionError: Error 10060 connecting to 106.12.112.207:6379. 由于连接方在一段时间后没有正确答复或连接的主机没有反应，连接尝试失败。.
2019-07-08 13:53:39 [scrapy.core.engine] INFO: Closing spider (finished)
2019-07-08 13:53:39 [scrapy.statscollectors] INFO: Dumping Scrapy stats:
{'downloader/request_bytes': 939,
 'downloader/request_count': 2,
 'downloader/request_method_count/GET': 2,
 'downloader/response_bytes': 25280,
 'downloader/response_count': 2,
 'downloader/response_status_count/200': 2,
 'finish_reason': 'finished',
 'finish_time': datetime.datetime(2019, 7, 8, 5, 53, 39, 348218),
 'log_count/ERROR': 1,
 'log_count/INFO': 9,
 'request_depth_max': 1,
 'response_received_count': 2,
 'scheduler/dequeued': 2,
 'scheduler/dequeued/memory': 2,
 'scheduler/enqueued': 2,
 'scheduler/enqueued/memory': 2,
 'spider_exceptions/ConnectionError': 1,
 'start_time': datetime.datetime(2019, 7, 8, 5, 53, 11, 436836)}
2019-07-08 13:53:39 [scrapy.core.engine] INFO: Spider closed (finished)
2019-07-08 14:11:08 [scrapy.utils.log] INFO: Scrapy 1.6.0 started (bot: mytest)
2019-07-08 14:11:08 [scrapy.utils.log] INFO: Versions: lxml 4.3.3.0, libxml2 2.9.7, cssselect 1.0.3, parsel 1.5.1, w3lib 1.20.0, Twisted 19.2.0, Python 3.6.0 (v3.6.0:41df79263a11, Dec 23 2016, 07:18:10) [MSC v.1900 32 bit (Intel)], pyOpenSSL 19.0.0 (OpenSSL 1.1.1b  26 Feb 2019), cryptography 2.6.1, Platform Windows-10-10.0.17763-SP0
2019-07-08 14:11:08 [scrapy.crawler] INFO: Overridden settings: {'BOT_NAME': 'mytest', 'DOWNLOAD_DELAY': 3.2, 'LOG_FILE': 'JiLinOtherProvince.log', 'LOG_LEVEL': 'INFO', 'LOG_STDOUT': True, 'NEWSPIDER_MODULE': 'mytest.spiders', 'SPIDER_MODULES': ['mytest.spiders']}
2019-07-08 14:11:08 [scrapy.extensions.telnet] INFO: Telnet Password: ed22249e6da80b91
2019-07-08 14:11:08 [scrapy.middleware] INFO: Enabled extensions:
['scrapy.extensions.corestats.CoreStats',
 'scrapy.extensions.telnet.TelnetConsole',
 'scrapy.extensions.logstats.LogStats']
2019-07-08 14:11:08 [scrapy.middleware] INFO: Enabled downloader middlewares:
['scrapy.downloadermiddlewares.httpauth.HttpAuthMiddleware',
 'scrapy.downloadermiddlewares.downloadtimeout.DownloadTimeoutMiddleware',
 'scrapy.downloadermiddlewares.defaultheaders.DefaultHeadersMiddleware',
 'mytest.middlewares.MyUserAgentMiddleware',
 'scrapy.downloadermiddlewares.useragent.UserAgentMiddleware',
 'scrapy.downloadermiddlewares.retry.RetryMiddleware',
 'scrapy.downloadermiddlewares.redirect.MetaRefreshMiddleware',
 'scrapy.downloadermiddlewares.httpcompression.HttpCompressionMiddleware',
 'scrapy.downloadermiddlewares.redirect.RedirectMiddleware',
 'scrapy.downloadermiddlewares.cookies.CookiesMiddleware',
 'scrapy.downloadermiddlewares.httpproxy.HttpProxyMiddleware',
 'scrapy.downloadermiddlewares.stats.DownloaderStats']
2019-07-08 14:11:08 [scrapy.middleware] INFO: Enabled spider middlewares:
['scrapy.spidermiddlewares.httperror.HttpErrorMiddleware',
 'scrapy.spidermiddlewares.offsite.OffsiteMiddleware',
 'scrapy.spidermiddlewares.referer.RefererMiddleware',
 'scrapy.spidermiddlewares.urllength.UrlLengthMiddleware',
 'scrapy.spidermiddlewares.depth.DepthMiddleware']
2019-07-08 14:11:08 [scrapy.middleware] INFO: Enabled item pipelines:
[]
2019-07-08 14:11:08 [scrapy.core.engine] INFO: Spider opened
2019-07-08 14:11:08 [scrapy.extensions.logstats] INFO: Crawled 0 pages (at 0 pages/min), scraped 0 items (at 0 items/min)
2019-07-08 14:11:08 [scrapy.extensions.telnet] INFO: Telnet console listening on 127.0.0.1:6024
2019-07-08 14:11:35 [scrapy.core.scraper] ERROR: Spider error processing <GET http://cx.jlsjsxxw.com/handle/NewHandler.ashx?method=SnCorpData&CorpName=&QualiType=&TradeID=&BoundID=&LevelID=&CityNum=&nPageIndex=132&nPageCount=0&nPageRowsCount=0&nPageSize=20&> (referer: http://cx.jlsjsxxw.com/handle/NewHandler.ashx?method=SwCorpData&nPageIndex=1&nPageCount=0&nPageRowsCount=0&nPageSize=20&_=1562565268512.9583)
Traceback (most recent call last):
  File "c:\users\administrator\appdata\local\programs\python\python36-32\lib\site-packages\redis\connection.py", line 492, in connect
    sock = self._connect()
  File "c:\users\administrator\appdata\local\programs\python\python36-32\lib\site-packages\redis\connection.py", line 550, in _connect
    raise err
  File "c:\users\administrator\appdata\local\programs\python\python36-32\lib\site-packages\redis\connection.py", line 538, in _connect
    sock.connect(socket_address)
TimeoutError: [WinError 10060] 由于连接方在一段时间后没有正确答复或连接的主机没有反应，连接尝试失败。

During handling of the above exception, another exception occurred:

Traceback (most recent call last):
  File "c:\users\administrator\appdata\local\programs\python\python36-32\lib\site-packages\scrapy\utils\defer.py", line 102, in iter_errback
    yield next(it)
  File "c:\users\administrator\appdata\local\programs\python\python36-32\lib\site-packages\scrapy\spidermiddlewares\offsite.py", line 29, in process_spider_output
    for x in result:
  File "c:\users\administrator\appdata\local\programs\python\python36-32\lib\site-packages\scrapy\spidermiddlewares\referer.py", line 339, in <genexpr>
    return (_set_referer(r) for r in result or ())
  File "c:\users\administrator\appdata\local\programs\python\python36-32\lib\site-packages\scrapy\spidermiddlewares\urllength.py", line 37, in <genexpr>
    return (r for r in result or () if _filter(r))
  File "c:\users\administrator\appdata\local\programs\python\python36-32\lib\site-packages\scrapy\spidermiddlewares\depth.py", line 58, in <genexpr>
    return (r for r in result or () if _filter(r))
  File "E:\python _scrapy_code\xiangbei\mytest\mytest\spiders\JiLinOtherProvince.py", line 57, in parse
    repeat = self.r.sadd('Company_name', company_name + '吉林省')
  File "c:\users\administrator\appdata\local\programs\python\python36-32\lib\site-packages\redis\client.py", line 1878, in sadd
    return self.execute_command('SADD', name, *values)
  File "c:\users\administrator\appdata\local\programs\python\python36-32\lib\site-packages\redis\client.py", line 772, in execute_command
    connection = pool.get_connection(command_name, **options)
  File "c:\users\administrator\appdata\local\programs\python\python36-32\lib\site-packages\redis\connection.py", line 994, in get_connection
    connection.connect()
  File "c:\users\administrator\appdata\local\programs\python\python36-32\lib\site-packages\redis\connection.py", line 497, in connect
    raise ConnectionError(self._error_message(e))
redis.exceptions.ConnectionError: Error 10060 connecting to 106.12.112.207:6379. 由于连接方在一段时间后没有正确答复或连接的主机没有反应，连接尝试失败。.
2019-07-08 14:11:35 [scrapy.core.engine] INFO: Closing spider (finished)
2019-07-08 14:11:35 [scrapy.statscollectors] INFO: Dumping Scrapy stats:
{'downloader/request_bytes': 1005,
 'downloader/request_count': 2,
 'downloader/request_method_count/GET': 2,
 'downloader/response_bytes': 25256,
 'downloader/response_count': 2,
 'downloader/response_status_count/200': 2,
 'finish_reason': 'finished',
 'finish_time': datetime.datetime(2019, 7, 8, 6, 11, 35, 943608),
 'log_count/ERROR': 1,
 'log_count/INFO': 9,
 'request_depth_max': 1,
 'response_received_count': 2,
 'scheduler/dequeued': 2,
 'scheduler/dequeued/memory': 2,
 'scheduler/enqueued': 2,
 'scheduler/enqueued/memory': 2,
 'spider_exceptions/ConnectionError': 1,
 'start_time': datetime.datetime(2019, 7, 8, 6, 11, 8, 741347)}
2019-07-08 14:11:35 [scrapy.core.engine] INFO: Spider closed (finished)
2019-07-08 14:50:34 [scrapy.utils.log] INFO: Scrapy 1.6.0 started (bot: mytest)
2019-07-08 14:50:34 [scrapy.utils.log] INFO: Versions: lxml 4.3.3.0, libxml2 2.9.7, cssselect 1.0.3, parsel 1.5.1, w3lib 1.20.0, Twisted 19.2.0, Python 3.6.0 (v3.6.0:41df79263a11, Dec 23 2016, 07:18:10) [MSC v.1900 32 bit (Intel)], pyOpenSSL 19.0.0 (OpenSSL 1.1.1b  26 Feb 2019), cryptography 2.6.1, Platform Windows-10-10.0.17763-SP0
2019-07-08 14:50:34 [scrapy.crawler] INFO: Overridden settings: {'BOT_NAME': 'mytest', 'DOWNLOAD_DELAY': 3.2, 'LOG_FILE': 'JiLinOtherProvince.log', 'LOG_LEVEL': 'INFO', 'LOG_STDOUT': True, 'NEWSPIDER_MODULE': 'mytest.spiders', 'SPIDER_MODULES': ['mytest.spiders']}
2019-07-08 14:50:34 [scrapy.extensions.telnet] INFO: Telnet Password: dcd676d1f3c344f6
2019-07-08 14:50:34 [scrapy.middleware] INFO: Enabled extensions:
['scrapy.extensions.corestats.CoreStats',
 'scrapy.extensions.telnet.TelnetConsole',
 'scrapy.extensions.logstats.LogStats']
2019-07-08 14:50:34 [scrapy.middleware] INFO: Enabled downloader middlewares:
['scrapy.downloadermiddlewares.httpauth.HttpAuthMiddleware',
 'scrapy.downloadermiddlewares.downloadtimeout.DownloadTimeoutMiddleware',
 'scrapy.downloadermiddlewares.defaultheaders.DefaultHeadersMiddleware',
 'mytest.middlewares.MyUserAgentMiddleware',
 'scrapy.downloadermiddlewares.useragent.UserAgentMiddleware',
 'scrapy.downloadermiddlewares.retry.RetryMiddleware',
 'scrapy.downloadermiddlewares.redirect.MetaRefreshMiddleware',
 'scrapy.downloadermiddlewares.httpcompression.HttpCompressionMiddleware',
 'scrapy.downloadermiddlewares.redirect.RedirectMiddleware',
 'scrapy.downloadermiddlewares.cookies.CookiesMiddleware',
 'scrapy.downloadermiddlewares.httpproxy.HttpProxyMiddleware',
 'scrapy.downloadermiddlewares.stats.DownloaderStats']
2019-07-08 14:50:34 [scrapy.middleware] INFO: Enabled spider middlewares:
['scrapy.spidermiddlewares.httperror.HttpErrorMiddleware',
 'scrapy.spidermiddlewares.offsite.OffsiteMiddleware',
 'scrapy.spidermiddlewares.referer.RefererMiddleware',
 'scrapy.spidermiddlewares.urllength.UrlLengthMiddleware',
 'scrapy.spidermiddlewares.depth.DepthMiddleware']
2019-07-08 14:50:34 [scrapy.middleware] INFO: Enabled item pipelines:
[]
2019-07-08 14:50:34 [scrapy.core.engine] INFO: Spider opened
2019-07-08 14:50:34 [scrapy.extensions.logstats] INFO: Crawled 0 pages (at 0 pages/min), scraped 0 items (at 0 items/min)
2019-07-08 14:50:34 [scrapy.extensions.telnet] INFO: Telnet console listening on 127.0.0.1:6024
2019-07-08 14:50:42 [scrapy.core.engine] INFO: Closing spider (finished)
2019-07-08 14:50:42 [scrapy.statscollectors] INFO: Dumping Scrapy stats:
{'downloader/request_bytes': 957,
 'downloader/request_count': 2,
 'downloader/request_method_count/GET': 2,
 'downloader/response_bytes': 444,
 'downloader/response_count': 2,
 'downloader/response_status_count/302': 2,
 'dupefilter/filtered': 1,
 'finish_reason': 'finished',
 'finish_time': datetime.datetime(2019, 7, 8, 6, 50, 42, 443926),
 'log_count/INFO': 9,
 'scheduler/dequeued': 2,
 'scheduler/dequeued/memory': 2,
 'scheduler/enqueued': 2,
 'scheduler/enqueued/memory': 2,
 'start_time': datetime.datetime(2019, 7, 8, 6, 50, 34, 931015)}
2019-07-08 14:50:42 [scrapy.core.engine] INFO: Spider closed (finished)
2019-07-08 14:50:45 [scrapy.utils.log] INFO: Scrapy 1.6.0 started (bot: mytest)
2019-07-08 14:50:45 [scrapy.utils.log] INFO: Versions: lxml 4.3.3.0, libxml2 2.9.7, cssselect 1.0.3, parsel 1.5.1, w3lib 1.20.0, Twisted 19.2.0, Python 3.6.0 (v3.6.0:41df79263a11, Dec 23 2016, 07:18:10) [MSC v.1900 32 bit (Intel)], pyOpenSSL 19.0.0 (OpenSSL 1.1.1b  26 Feb 2019), cryptography 2.6.1, Platform Windows-10-10.0.17763-SP0
2019-07-08 14:50:45 [scrapy.crawler] INFO: Overridden settings: {'BOT_NAME': 'mytest', 'DOWNLOAD_DELAY': 3.2, 'LOG_FILE': 'JiLinOtherProvince.log', 'LOG_LEVEL': 'INFO', 'LOG_STDOUT': True, 'NEWSPIDER_MODULE': 'mytest.spiders', 'SPIDER_MODULES': ['mytest.spiders']}
2019-07-08 14:50:45 [scrapy.extensions.telnet] INFO: Telnet Password: 705ae2b233b44c8b
2019-07-08 14:50:45 [scrapy.middleware] INFO: Enabled extensions:
['scrapy.extensions.corestats.CoreStats',
 'scrapy.extensions.telnet.TelnetConsole',
 'scrapy.extensions.logstats.LogStats']
2019-07-08 14:50:45 [scrapy.middleware] INFO: Enabled downloader middlewares:
['scrapy.downloadermiddlewares.httpauth.HttpAuthMiddleware',
 'scrapy.downloadermiddlewares.downloadtimeout.DownloadTimeoutMiddleware',
 'scrapy.downloadermiddlewares.defaultheaders.DefaultHeadersMiddleware',
 'mytest.middlewares.MyUserAgentMiddleware',
 'scrapy.downloadermiddlewares.useragent.UserAgentMiddleware',
 'scrapy.downloadermiddlewares.retry.RetryMiddleware',
 'scrapy.downloadermiddlewares.redirect.MetaRefreshMiddleware',
 'scrapy.downloadermiddlewares.httpcompression.HttpCompressionMiddleware',
 'scrapy.downloadermiddlewares.redirect.RedirectMiddleware',
 'scrapy.downloadermiddlewares.cookies.CookiesMiddleware',
 'scrapy.downloadermiddlewares.httpproxy.HttpProxyMiddleware',
 'scrapy.downloadermiddlewares.stats.DownloaderStats']
2019-07-08 14:50:45 [scrapy.middleware] INFO: Enabled spider middlewares:
['scrapy.spidermiddlewares.httperror.HttpErrorMiddleware',
 'scrapy.spidermiddlewares.offsite.OffsiteMiddleware',
 'scrapy.spidermiddlewares.referer.RefererMiddleware',
 'scrapy.spidermiddlewares.urllength.UrlLengthMiddleware',
 'scrapy.spidermiddlewares.depth.DepthMiddleware']
2019-07-08 14:50:45 [scrapy.middleware] INFO: Enabled item pipelines:
[]
2019-07-08 14:50:45 [scrapy.core.engine] INFO: Spider opened
2019-07-08 14:50:45 [scrapy.extensions.logstats] INFO: Crawled 0 pages (at 0 pages/min), scraped 0 items (at 0 items/min)
2019-07-08 14:50:45 [scrapy.extensions.telnet] INFO: Telnet console listening on 127.0.0.1:6024
2019-07-08 14:51:11 [scrapy.core.scraper] ERROR: Spider error processing <GET http://cx.jlsjsxxw.com/handle/NewHandler.ashx?method=SnCorpData&CorpName=&QualiType=&TradeID=&BoundID=&LevelID=&CityNum=&nPageIndex=132&nPageCount=0&nPageRowsCount=0&nPageSize=20&> (referer: http://cx.jlsjsxxw.com/handle/NewHandler.ashx?method=SwCorpData&nPageIndex=1&nPageCount=0&nPageRowsCount=0&nPageSize=20&_=1562567645248.4285)
Traceback (most recent call last):
  File "c:\users\administrator\appdata\local\programs\python\python36-32\lib\site-packages\redis\connection.py", line 492, in connect
    sock = self._connect()
  File "c:\users\administrator\appdata\local\programs\python\python36-32\lib\site-packages\redis\connection.py", line 550, in _connect
    raise err
  File "c:\users\administrator\appdata\local\programs\python\python36-32\lib\site-packages\redis\connection.py", line 538, in _connect
    sock.connect(socket_address)
TimeoutError: [WinError 10060] 由于连接方在一段时间后没有正确答复或连接的主机没有反应，连接尝试失败。

During handling of the above exception, another exception occurred:

Traceback (most recent call last):
  File "c:\users\administrator\appdata\local\programs\python\python36-32\lib\site-packages\scrapy\utils\defer.py", line 102, in iter_errback
    yield next(it)
  File "c:\users\administrator\appdata\local\programs\python\python36-32\lib\site-packages\scrapy\spidermiddlewares\offsite.py", line 29, in process_spider_output
    for x in result:
  File "c:\users\administrator\appdata\local\programs\python\python36-32\lib\site-packages\scrapy\spidermiddlewares\referer.py", line 339, in <genexpr>
    return (_set_referer(r) for r in result or ())
  File "c:\users\administrator\appdata\local\programs\python\python36-32\lib\site-packages\scrapy\spidermiddlewares\urllength.py", line 37, in <genexpr>
    return (r for r in result or () if _filter(r))
  File "c:\users\administrator\appdata\local\programs\python\python36-32\lib\site-packages\scrapy\spidermiddlewares\depth.py", line 58, in <genexpr>
    return (r for r in result or () if _filter(r))
  File "E:\python _scrapy_code\xiangbei\mytest\mytest\spiders\JiLinOtherProvince.py", line 57, in parse
    repeat = self.r.sadd('Company_name', company_name + '吉林省')
  File "c:\users\administrator\appdata\local\programs\python\python36-32\lib\site-packages\redis\client.py", line 1878, in sadd
    return self.execute_command('SADD', name, *values)
  File "c:\users\administrator\appdata\local\programs\python\python36-32\lib\site-packages\redis\client.py", line 772, in execute_command
    connection = pool.get_connection(command_name, **options)
  File "c:\users\administrator\appdata\local\programs\python\python36-32\lib\site-packages\redis\connection.py", line 994, in get_connection
    connection.connect()
  File "c:\users\administrator\appdata\local\programs\python\python36-32\lib\site-packages\redis\connection.py", line 497, in connect
    raise ConnectionError(self._error_message(e))
redis.exceptions.ConnectionError: Error 10060 connecting to 106.12.112.207:6379. 由于连接方在一段时间后没有正确答复或连接的主机没有反应，连接尝试失败。.
2019-07-08 14:51:11 [scrapy.core.engine] INFO: Closing spider (finished)
2019-07-08 14:51:11 [scrapy.statscollectors] INFO: Dumping Scrapy stats:
{'downloader/request_bytes': 991,
 'downloader/request_count': 2,
 'downloader/request_method_count/GET': 2,
 'downloader/response_bytes': 25429,
 'downloader/response_count': 2,
 'downloader/response_status_count/200': 2,
 'finish_reason': 'finished',
 'finish_time': datetime.datetime(2019, 7, 8, 6, 51, 11, 880216),
 'log_count/ERROR': 1,
 'log_count/INFO': 9,
 'request_depth_max': 1,
 'response_received_count': 2,
 'scheduler/dequeued': 2,
 'scheduler/dequeued/memory': 2,
 'scheduler/enqueued': 2,
 'scheduler/enqueued/memory': 2,
 'spider_exceptions/ConnectionError': 1,
 'start_time': datetime.datetime(2019, 7, 8, 6, 50, 45, 478811)}
2019-07-08 14:51:11 [scrapy.core.engine] INFO: Spider closed (finished)
