2019-07-08 13:52:42 [scrapy.utils.log] INFO: Scrapy 1.6.0 started (bot: mytest)
2019-07-08 13:52:42 [scrapy.utils.log] INFO: Versions: lxml 4.3.3.0, libxml2 2.9.7, cssselect 1.0.3, parsel 1.5.1, w3lib 1.20.0, Twisted 19.2.0, Python 3.6.0 (v3.6.0:41df79263a11, Dec 23 2016, 07:18:10) [MSC v.1900 32 bit (Intel)], pyOpenSSL 19.0.0 (OpenSSL 1.1.1b  26 Feb 2019), cryptography 2.6.1, Platform Windows-10-10.0.17763-SP0
2019-07-08 13:52:42 [stdout] INFO: Usage
2019-07-08 13:52:42 [stdout] INFO: =====
2019-07-08 13:52:42 [stdout] INFO:   scrapy crawl [options] <spider>
2019-07-08 13:52:42 [stdout] INFO: 
2019-07-08 13:52:42 [stdout] INFO: Run a spider
2019-07-08 13:52:42 [stdout] INFO: 
2019-07-08 13:52:42 [stdout] INFO: Options
2019-07-08 13:52:42 [stdout] INFO: =======
2019-07-08 13:52:42 [stdout] INFO: --help, -h              show this help message and exit
2019-07-08 13:52:42 [stdout] INFO: -a NAME=VALUE           set spider argument (may be repeated)
2019-07-08 13:52:42 [stdout] INFO: --output=FILE, -o FILE  dump scraped items into FILE (use - for stdout)
2019-07-08 13:52:42 [stdout] INFO: --output-format=FORMAT, -t FORMAT
2019-07-08 13:52:42 [stdout] INFO:                         format to use for dumping items with -o
2019-07-08 13:52:42 [stdout] INFO: 
2019-07-08 13:52:42 [stdout] INFO: Global Options
2019-07-08 13:52:42 [stdout] INFO: --------------
2019-07-08 13:52:42 [stdout] INFO: --logfile=FILE          log file. if omitted stderr will be used
2019-07-08 13:52:42 [stdout] INFO: --loglevel=LEVEL, -L LEVEL
2019-07-08 13:52:42 [stdout] INFO:                         log level (default: INFO)
2019-07-08 13:52:42 [stdout] INFO: --nolog                 disable logging completely
2019-07-08 13:52:42 [stdout] INFO: --profile=FILE          write python cProfile stats to FILE
2019-07-08 13:52:42 [stdout] INFO: --pidfile=FILE          write process ID to FILE
2019-07-08 13:52:42 [stdout] INFO: --set=NAME=VALUE, -s NAME=VALUE
2019-07-08 13:52:42 [stdout] INFO:                         set/override setting (may be repeated)
2019-07-08 13:52:42 [stdout] INFO: --pdb                   enable pdb on failure
2019-07-08 13:52:57 [scrapy.utils.log] INFO: Scrapy 1.6.0 started (bot: mytest)
2019-07-08 13:52:57 [scrapy.utils.log] INFO: Versions: lxml 4.3.3.0, libxml2 2.9.7, cssselect 1.0.3, parsel 1.5.1, w3lib 1.20.0, Twisted 19.2.0, Python 3.6.0 (v3.6.0:41df79263a11, Dec 23 2016, 07:18:10) [MSC v.1900 32 bit (Intel)], pyOpenSSL 19.0.0 (OpenSSL 1.1.1b  26 Feb 2019), cryptography 2.6.1, Platform Windows-10-10.0.17763-SP0
2019-07-08 13:52:57 [scrapy.crawler] INFO: Overridden settings: {'BOT_NAME': 'mytest', 'DOWNLOAD_DELAY': 3.2, 'LOG_FILE': 'ZheJiangOtherPerson.log', 'LOG_LEVEL': 'INFO', 'LOG_STDOUT': True, 'NEWSPIDER_MODULE': 'mytest.spiders', 'SPIDER_MODULES': ['mytest.spiders']}
2019-07-08 13:52:57 [scrapy.extensions.telnet] INFO: Telnet Password: 71d89d8c2ac0bd53
2019-07-08 13:52:57 [scrapy.middleware] INFO: Enabled extensions:
['scrapy.extensions.corestats.CoreStats',
 'scrapy.extensions.telnet.TelnetConsole',
 'scrapy.extensions.logstats.LogStats']
2019-07-08 13:52:57 [scrapy.middleware] INFO: Enabled downloader middlewares:
['scrapy.downloadermiddlewares.httpauth.HttpAuthMiddleware',
 'scrapy.downloadermiddlewares.downloadtimeout.DownloadTimeoutMiddleware',
 'scrapy.downloadermiddlewares.defaultheaders.DefaultHeadersMiddleware',
 'mytest.middlewares.MyUserAgentMiddleware',
 'scrapy.downloadermiddlewares.useragent.UserAgentMiddleware',
 'scrapy.downloadermiddlewares.retry.RetryMiddleware',
 'scrapy.downloadermiddlewares.redirect.MetaRefreshMiddleware',
 'scrapy.downloadermiddlewares.httpcompression.HttpCompressionMiddleware',
 'scrapy.downloadermiddlewares.redirect.RedirectMiddleware',
 'scrapy.downloadermiddlewares.cookies.CookiesMiddleware',
 'scrapy.downloadermiddlewares.httpproxy.HttpProxyMiddleware',
 'scrapy.downloadermiddlewares.stats.DownloaderStats']
2019-07-08 13:52:57 [scrapy.middleware] INFO: Enabled spider middlewares:
['scrapy.spidermiddlewares.httperror.HttpErrorMiddleware',
 'scrapy.spidermiddlewares.offsite.OffsiteMiddleware',
 'scrapy.spidermiddlewares.referer.RefererMiddleware',
 'scrapy.spidermiddlewares.urllength.UrlLengthMiddleware',
 'scrapy.spidermiddlewares.depth.DepthMiddleware']
2019-07-08 13:52:57 [scrapy.middleware] INFO: Enabled item pipelines:
[]
2019-07-08 13:52:57 [scrapy.core.engine] INFO: Spider opened
2019-07-08 13:52:57 [scrapy.extensions.logstats] INFO: Crawled 0 pages (at 0 pages/min), scraped 0 items (at 0 items/min)
2019-07-08 13:52:57 [scrapy.extensions.telnet] INFO: Telnet console listening on 127.0.0.1:6024
2019-07-08 13:53:28 [scrapy.core.scraper] ERROR: Spider error processing <GET http://115.29.2.37:8080/enterprise_sw.php?p=1> (referer: None)
Traceback (most recent call last):
  File "c:\users\administrator\appdata\local\programs\python\python36-32\lib\site-packages\redis\connection.py", line 492, in connect
    sock = self._connect()
  File "c:\users\administrator\appdata\local\programs\python\python36-32\lib\site-packages\redis\connection.py", line 550, in _connect
    raise err
  File "c:\users\administrator\appdata\local\programs\python\python36-32\lib\site-packages\redis\connection.py", line 538, in _connect
    sock.connect(socket_address)
TimeoutError: [WinError 10060] 由于连接方在一段时间后没有正确答复或连接的主机没有反应，连接尝试失败。

During handling of the above exception, another exception occurred:

Traceback (most recent call last):
  File "c:\users\administrator\appdata\local\programs\python\python36-32\lib\site-packages\scrapy\utils\defer.py", line 102, in iter_errback
    yield next(it)
  File "c:\users\administrator\appdata\local\programs\python\python36-32\lib\site-packages\scrapy\spidermiddlewares\offsite.py", line 29, in process_spider_output
    for x in result:
  File "c:\users\administrator\appdata\local\programs\python\python36-32\lib\site-packages\scrapy\spidermiddlewares\referer.py", line 339, in <genexpr>
    return (_set_referer(r) for r in result or ())
  File "c:\users\administrator\appdata\local\programs\python\python36-32\lib\site-packages\scrapy\spidermiddlewares\urllength.py", line 37, in <genexpr>
    return (r for r in result or () if _filter(r))
  File "c:\users\administrator\appdata\local\programs\python\python36-32\lib\site-packages\scrapy\spidermiddlewares\depth.py", line 58, in <genexpr>
    return (r for r in result or () if _filter(r))
  File "E:\python _scrapy_code\xiangbei\mytest\mytest\spiders\ZheJiangOtherPerson.py", line 34, in parse
    repeat = self.r.sadd('Company_name', company_name + '浙江省人员')
  File "c:\users\administrator\appdata\local\programs\python\python36-32\lib\site-packages\redis\client.py", line 1878, in sadd
    return self.execute_command('SADD', name, *values)
  File "c:\users\administrator\appdata\local\programs\python\python36-32\lib\site-packages\redis\client.py", line 772, in execute_command
    connection = pool.get_connection(command_name, **options)
  File "c:\users\administrator\appdata\local\programs\python\python36-32\lib\site-packages\redis\connection.py", line 994, in get_connection
    connection.connect()
  File "c:\users\administrator\appdata\local\programs\python\python36-32\lib\site-packages\redis\connection.py", line 497, in connect
    raise ConnectionError(self._error_message(e))
redis.exceptions.ConnectionError: Error 10060 connecting to 106.12.112.207:6379. 由于连接方在一段时间后没有正确答复或连接的主机没有反应，连接尝试失败。.
2019-07-08 13:53:28 [scrapy.core.engine] INFO: Closing spider (finished)
2019-07-08 13:53:28 [scrapy.statscollectors] INFO: Dumping Scrapy stats:
{'downloader/request_bytes': 974,
 'downloader/request_count': 3,
 'downloader/request_method_count/GET': 3,
 'downloader/response_bytes': 82867,
 'downloader/response_count': 3,
 'downloader/response_status_count/200': 1,
 'downloader/response_status_count/302': 2,
 'finish_reason': 'finished',
 'finish_time': datetime.datetime(2019, 7, 8, 5, 53, 28, 556078),
 'log_count/ERROR': 1,
 'log_count/INFO': 9,
 'response_received_count': 1,
 'scheduler/dequeued': 3,
 'scheduler/dequeued/memory': 3,
 'scheduler/enqueued': 3,
 'scheduler/enqueued/memory': 3,
 'spider_exceptions/ConnectionError': 1,
 'start_time': datetime.datetime(2019, 7, 8, 5, 52, 57, 443281)}
2019-07-08 13:53:28 [scrapy.core.engine] INFO: Spider closed (finished)
